<?xml version="1.0" encoding="UTF-8"?>
<!-- Generated by org.testng.reporters.JUnitXMLReporter -->
<testsuite hostname="Ayfers-MacBook-Pro.local" ignored="0" name="Default test" tests="3" failures="0" timestamp="02 Dec 2019 05:43:20 GMT" time="331.764" errors="0">
  <testcase name="threeStarsHotels" time="34.444" classname="Tests.HotelsDistancePageTest"/>
  <testcase name="fourStarsHotels" time="34.172" classname="Tests.HotelsDistancePageTest"/>
  <testcase name="fiveStarsHotels" time="32.952" classname="Tests.HotelsDistancePageTest"/>
</testsuite> <!-- Default test -->
