<?xml version="1.0" encoding="UTF-8"?>
<testng-results skipped="0" failed="0" ignored="0" total="3" passed="3">
  <reporter-output>
  </reporter-output>
  <suite name="Default suite" duration-ms="331764" started-at="2019-12-02T05:37:48Z" finished-at="2019-12-02T05:43:20Z">
    <groups>
    </groups>
    <test name="Default test" duration-ms="331764" started-at="2019-12-02T05:37:48Z" finished-at="2019-12-02T05:43:20Z">
      <class name="Tests.HotelsDistancePageTest">
        <test-method status="PASS" signature="setUp()[pri:0, instance:Tests.HotelsDistancePageTest@3e6fa38a]" name="setUp" is-config="true" duration-ms="75658" started-at="2019-12-02T05:37:48Z" finished-at="2019-12-02T05:39:03Z">
          <reporter-output>
          </reporter-output>
        </test-method> <!-- setUp -->
        <test-method status="PASS" signature="threeStarsHotels()[pri:1, instance:Tests.HotelsDistancePageTest@3e6fa38a]" name="threeStarsHotels" duration-ms="34444" started-at="2019-12-02T05:39:03Z" description="This method is getting 3 stars hotels name" finished-at="2019-12-02T05:39:38Z">
          <reporter-output>
          </reporter-output>
        </test-method> <!-- threeStarsHotels -->
        <test-method status="PASS" signature="tearDown()[pri:0, instance:Tests.HotelsDistancePageTest@3e6fa38a]" name="tearDown" is-config="true" duration-ms="120" started-at="2019-12-02T05:39:38Z" finished-at="2019-12-02T05:39:38Z">
          <reporter-output>
          </reporter-output>
        </test-method> <!-- tearDown -->
        <test-method status="PASS" signature="setUp()[pri:0, instance:Tests.HotelsDistancePageTest@3e6fa38a]" name="setUp" is-config="true" duration-ms="75399" started-at="2019-12-02T05:39:38Z" finished-at="2019-12-02T05:40:53Z">
          <reporter-output>
          </reporter-output>
        </test-method> <!-- setUp -->
        <test-method status="PASS" signature="fourStarsHotels()[pri:2, instance:Tests.HotelsDistancePageTest@3e6fa38a]" name="fourStarsHotels" duration-ms="34172" started-at="2019-12-02T05:40:53Z" description="This method is getting 4 stars hotels name" finished-at="2019-12-02T05:41:28Z">
          <reporter-output>
          </reporter-output>
        </test-method> <!-- fourStarsHotels -->
        <test-method status="PASS" signature="tearDown()[pri:0, instance:Tests.HotelsDistancePageTest@3e6fa38a]" name="tearDown" is-config="true" duration-ms="118" started-at="2019-12-02T05:41:28Z" finished-at="2019-12-02T05:41:28Z">
          <reporter-output>
          </reporter-output>
        </test-method> <!-- tearDown -->
        <test-method status="PASS" signature="setUp()[pri:0, instance:Tests.HotelsDistancePageTest@3e6fa38a]" name="setUp" is-config="true" duration-ms="78774" started-at="2019-12-02T05:41:28Z" finished-at="2019-12-02T05:42:47Z">
          <reporter-output>
          </reporter-output>
        </test-method> <!-- setUp -->
        <test-method status="PASS" signature="fiveStarsHotels()[pri:3, instance:Tests.HotelsDistancePageTest@3e6fa38a]" name="fiveStarsHotels" duration-ms="32952" started-at="2019-12-02T05:42:47Z" description="This method is getting 5 stars hotels name" finished-at="2019-12-02T05:43:19Z">
          <reporter-output>
          </reporter-output>
        </test-method> <!-- fiveStarsHotels -->
        <test-method status="PASS" signature="tearDown()[pri:0, instance:Tests.HotelsDistancePageTest@3e6fa38a]" name="tearDown" is-config="true" duration-ms="109" started-at="2019-12-02T05:43:19Z" finished-at="2019-12-02T05:43:20Z">
          <reporter-output>
          </reporter-output>
        </test-method> <!-- tearDown -->
      </class> <!-- Tests.HotelsDistancePageTest -->
    </test> <!-- Default test -->
  </suite> <!-- Default suite -->
</testng-results>
